2022-02-12 16:27:26.193  INFO 9660 --- [main] com.challenge.client.ClientApplication   : Starting ClientApplication v1.0.0 on LAPTOP-CFREO8SM with PID 9660 (C:\dev\challenges\delivery\client\client-1.0.0.jar started by lecle in C:\dev\challenges\delivery\client)
2022-02-12 16:27:26.213  INFO 9660 --- [main] com.challenge.client.ClientApplication   : No active profile set, falling back to default profiles: default
2022-02-12 16:27:28.639  INFO 9660 --- [main] com.challenge.client.ClientApplication   : Started ClientApplication in 3.862 seconds (JVM running for 4.876)
2022-02-12 16:27:28.758  INFO 9660 --- [main] com.challenge.client.Client              : Connecting using client ID:8199c1e3-303b-4135-a219-1068f7994b4d
2022-02-12 16:27:29.689  INFO 9660 --- [reactor-tcp-nio-1] com.challenge.client.ClientHandler       : OPEN
2022-02-12 16:27:29.690  INFO 9660 --- [reactor-tcp-nio-1] com.challenge.client.ClientHandler       : Start send telemetry
2022-02-12 16:33:57.826  INFO 9660 --- [reactor-tcp-nio-1] com.challenge.client.ClientHandler       : new command coming : stop
2022-02-12 16:33:57.830  INFO 9660 --- [reactor-tcp-nio-1] com.challenge.client.ClientHandler       : stopping agent requiested
2022-02-12 16:34:14.985  INFO 19616 --- [main] com.challenge.client.ClientApplication   : Starting ClientApplication v1.0.0 on LAPTOP-CFREO8SM with PID 19616 (C:\dev\challenges\delivery\client\client-1.0.0.jar started by lecle in C:\dev\challenges\delivery\client)
2022-02-12 16:34:15.005  INFO 19616 --- [main] com.challenge.client.ClientApplication   : No active profile set, falling back to default profiles: default
2022-02-12 16:34:17.299  INFO 19616 --- [main] com.challenge.client.ClientApplication   : Started ClientApplication in 3.786 seconds (JVM running for 4.724)
2022-02-12 16:34:17.427  INFO 19616 --- [main] com.challenge.client.Client              : Connecting using client ID:3e02589c-e336-4ba4-ae17-c20c20e3111b
2022-02-12 16:34:18.376  INFO 19616 --- [reactor-tcp-nio-1] com.challenge.client.ClientHandler       : OPEN
2022-02-12 16:34:18.378  INFO 19616 --- [reactor-tcp-nio-1] com.challenge.client.ClientHandler       : Start send telemetry
2022-02-12 16:34:21.164  INFO 21380 --- [main] com.challenge.client.ClientApplication   : Starting ClientApplication v1.0.0 on LAPTOP-CFREO8SM with PID 21380 (C:\dev\challenges\delivery\client\client-1.0.0.jar started by lecle in C:\dev\challenges\delivery\client)
2022-02-12 16:34:21.194  INFO 21380 --- [main] com.challenge.client.ClientApplication   : No active profile set, falling back to default profiles: default
2022-02-12 16:34:23.733  INFO 21380 --- [main] com.challenge.client.ClientApplication   : Started ClientApplication in 4.08 seconds (JVM running for 5.249)
2022-02-12 16:34:23.852  INFO 21380 --- [main] com.challenge.client.Client              : Connecting using client ID:d1de2dab-36fc-4911-af33-e08c3641538a
2022-02-12 16:34:24.747  INFO 21380 --- [reactor-tcp-nio-1] com.challenge.client.ClientHandler       : OPEN
2022-02-12 16:34:24.748  INFO 21380 --- [reactor-tcp-nio-1] com.challenge.client.ClientHandler       : Start send telemetry
2022-02-12 16:34:29.295  INFO 28748 --- [main] com.challenge.client.ClientApplication   : Starting ClientApplication v1.0.0 on LAPTOP-CFREO8SM with PID 28748 (C:\dev\challenges\delivery\client\client-1.0.0.jar started by lecle in C:\dev\challenges\delivery\client)
2022-02-12 16:34:29.319  INFO 28748 --- [main] com.challenge.client.ClientApplication   : No active profile set, falling back to default profiles: default
2022-02-12 16:34:32.042  INFO 28748 --- [main] com.challenge.client.ClientApplication   : Started ClientApplication in 4.066 seconds (JVM running for 5.325)
2022-02-12 16:34:32.178  INFO 28748 --- [main] com.challenge.client.Client              : Connecting using client ID:7865b30d-6ebd-47e4-bb55-0fe2deb03d0c
2022-02-12 16:34:33.142  INFO 28748 --- [reactor-tcp-nio-1] com.challenge.client.ClientHandler       : OPEN
2022-02-12 16:34:33.143  INFO 28748 --- [reactor-tcp-nio-1] com.challenge.client.ClientHandler       : Start send telemetry
2022-02-12 16:34:42.339  INFO 25684 --- [main] com.challenge.client.ClientApplication   : Starting ClientApplication v1.0.0 on LAPTOP-CFREO8SM with PID 25684 (C:\dev\challenges\delivery\client\client-1.0.0.jar started by lecle in C:\dev\challenges\delivery\client)
2022-02-12 16:34:42.371  INFO 25684 --- [main] com.challenge.client.ClientApplication   : No active profile set, falling back to default profiles: default
2022-02-12 16:34:45.969  INFO 25684 --- [main] com.challenge.client.ClientApplication   : Started ClientApplication in 5.501 seconds (JVM running for 7.155)
2022-02-12 16:34:46.277  INFO 25684 --- [main] com.challenge.client.Client              : Connecting using client ID:e5b63ce3-b337-4490-852a-a65ef5468e5e
2022-02-12 16:34:48.024  INFO 25684 --- [reactor-tcp-nio-1] com.challenge.client.ClientHandler       : OPEN
2022-02-12 16:34:48.025  INFO 25684 --- [reactor-tcp-nio-1] com.challenge.client.ClientHandler       : Start send telemetry
2022-02-12 16:41:30.124  WARN 19616 --- [parallel-1] com.challenge.client.Client              : Connection CLOSED
2022-02-12 16:41:30.131  INFO 19616 --- [parallel-1] com.challenge.client.Client              : Client DISCONNECTED
2022-02-12 16:41:32.939  WARN 21380 --- [parallel-1] com.challenge.client.Client              : Connection CLOSED
2022-02-12 16:41:32.946  INFO 21380 --- [parallel-1] com.challenge.client.Client              : Client DISCONNECTED
2022-02-12 16:41:36.155  WARN 25684 --- [parallel-1] com.challenge.client.Client              : Connection CLOSED
2022-02-12 16:41:36.163  INFO 25684 --- [parallel-1] com.challenge.client.Client              : Client DISCONNECTED
2022-02-12 16:41:41.272  WARN 28748 --- [parallel-1] com.challenge.client.Client              : Connection CLOSED
2022-02-12 16:41:41.278  INFO 28748 --- [parallel-1] com.challenge.client.Client              : Client DISCONNECTED
